Updating Model file from 30000 to latest format...
Loaded model Rajagopal from file C:\Users\u0088756\Documents\FWO\Software\ExoSim\SimExo_3D\3dpredictsim\OpenSimModel\Rajagopal2015.osim
Couldn't find file 'r_pelvis.vtp'.
Couldn't find file 'l_pelvis.vtp'.
Couldn't find file 'sacrum.vtp'.
Couldn't find file 'r_femur.vtp'.
Couldn't find file 'r_tibia.vtp'.
Couldn't find file 'r_fibula.vtp'.
Couldn't find file 'r_patella.vtp'.
Couldn't find file 'r_talus.vtp'.
Couldn't find file 'r_foot.vtp'.
Couldn't find file 'r_bofoot.vtp'.
Couldn't find file 'l_femur.vtp'.
Couldn't find file 'l_tibia.vtp'.
Couldn't find file 'l_fibula.vtp'.
Couldn't find file 'l_patella.vtp'.
Couldn't find file 'l_talus.vtp'.
Couldn't find file 'l_foot.vtp'.
Couldn't find file 'l_bofoot.vtp'.
Couldn't find file 'hat_spine.vtp'.
Couldn't find file 'hat_jaw.vtp'.
Couldn't find file 'hat_skull.vtp'.
Couldn't find file 'hat_ribs_scap.vtp'.
Couldn't find file 'humerus_rv.vtp'.
Couldn't find file 'ulna_rv.vtp'.
Couldn't find file 'radius_rv.vtp'.
Couldn't find file 'pisiform_rvs.vtp'.
Couldn't find file 'lunate_rvs.vtp'.
Couldn't find file 'scaphoid_rvs.vtp'.
Couldn't find file 'triquetrum_rvs.vtp'.
Couldn't find file 'hamate_rvs.vtp'.
Couldn't find file 'capitate_rvs.vtp'.
Couldn't find file 'trapezoid_rvs.vtp'.
Couldn't find file 'trapezium_rvs.vtp'.
Couldn't find file 'metacarpal2_rvs.vtp'.
Couldn't find file 'index_proximal_rvs.vtp'.
Couldn't find file 'index_medial_rvs.vtp'.
Couldn't find file 'index_distal_rvs.vtp'.
Couldn't find file 'metacarpal3_rvs.vtp'.
Couldn't find file 'middle_proximal_rvs.vtp'.
Couldn't find file 'middle_medial_rvs.vtp'.
Couldn't find file 'middle_distal_rvs.vtp'.
Couldn't find file 'metacarpal4_rvs.vtp'.
Couldn't find file 'ring_proximal_rvs.vtp'.
Couldn't find file 'ring_medial_rvs.vtp'.
Couldn't find file 'ring_distal_rvs.vtp'.
Couldn't find file 'metacarpal5_rvs.vtp'.
Couldn't find file 'little_proximal_rvs.vtp'.
Couldn't find file 'little_medial_rvs.vtp'.
Couldn't find file 'little_distal_rvs.vtp'.
Couldn't find file 'metacarpal1_rvs.vtp'.
Couldn't find file 'thumb_proximal_rvs.vtp'.
Couldn't find file 'thumb_distal_rvs.vtp'.
Couldn't find file 'humerus_lv.vtp'.
Couldn't find file 'ulna_lv.vtp'.
Couldn't find file 'radius_lv.vtp'.
Couldn't find file 'pisiform_lvs.vtp'.
Couldn't find file 'lunate_lvs.vtp'.
Couldn't find file 'scaphoid_lvs.vtp'.
Couldn't find file 'triquetrum_lvs.vtp'.
Couldn't find file 'hamate_lvs.vtp'.
Couldn't find file 'capitate_lvs.vtp'.
Couldn't find file 'trapezoid_lvs.vtp'.
Couldn't find file 'trapezium_lvs.vtp'.
Couldn't find file 'metacarpal2_lvs.vtp'.
Couldn't find file 'index_proximal_lvs.vtp'.
Couldn't find file 'index_medial_lvs.vtp'.
Couldn't find file 'index_distal_lvs.vtp'.
Couldn't find file 'metacarpal3_lvs.vtp'.
Couldn't find file 'middle_proximal_lvs.vtp'.
Couldn't find file 'middle_medial_lvs.vtp'.
Couldn't find file 'middle_distal_lvs.vtp'.
Couldn't find file 'metacarpal4_lvs.vtp'.
Couldn't find file 'ring_proximal_lvs.vtp'.
Couldn't find file 'ring_medial_lvs.vtp'.
Couldn't find file 'ring_distal_lvs.vtp'.
Couldn't find file 'metacarpal5_lvs.vtp'.
Couldn't find file 'little_proximal_lvs.vtp'.
Couldn't find file 'little_medial_lvs.vtp'.
Couldn't find file 'little_distal_lvs.vtp'.
Couldn't find file 'metacarpal1_lvs.vtp'.
Couldn't find file 'thumb_proximal_lvs.vtp'.
Couldn't find file 'thumb_distal_lvs.vtp'.
Updating Model file from 30000 to latest format...
Loaded model Rajagopal from file C:\Users\u0088756\Documents\FWO\Software\ExoSim\SimExo_3D\3dpredictsim\OpenSimModel\Rajagopal2015.osim
Couldn't find file 'r_pelvis.vtp'.
Couldn't find file 'l_pelvis.vtp'.
Couldn't find file 'sacrum.vtp'.
Couldn't find file 'r_femur.vtp'.
Couldn't find file 'r_tibia.vtp'.
Couldn't find file 'r_fibula.vtp'.
Couldn't find file 'r_patella.vtp'.
Couldn't find file 'r_talus.vtp'.
Couldn't find file 'r_foot.vtp'.
Couldn't find file 'r_bofoot.vtp'.
Couldn't find file 'l_femur.vtp'.
Couldn't find file 'l_tibia.vtp'.
Couldn't find file 'l_fibula.vtp'.
Couldn't find file 'l_patella.vtp'.
Couldn't find file 'l_talus.vtp'.
Couldn't find file 'l_foot.vtp'.
Couldn't find file 'l_bofoot.vtp'.
Couldn't find file 'hat_spine.vtp'.
Couldn't find file 'hat_jaw.vtp'.
Couldn't find file 'hat_skull.vtp'.
Couldn't find file 'hat_ribs_scap.vtp'.
Couldn't find file 'humerus_rv.vtp'.
Couldn't find file 'ulna_rv.vtp'.
Couldn't find file 'radius_rv.vtp'.
Couldn't find file 'pisiform_rvs.vtp'.
Couldn't find file 'lunate_rvs.vtp'.
Couldn't find file 'scaphoid_rvs.vtp'.
Couldn't find file 'triquetrum_rvs.vtp'.
Couldn't find file 'hamate_rvs.vtp'.
Couldn't find file 'capitate_rvs.vtp'.
Couldn't find file 'trapezoid_rvs.vtp'.
Couldn't find file 'trapezium_rvs.vtp'.
Couldn't find file 'metacarpal2_rvs.vtp'.
Couldn't find file 'index_proximal_rvs.vtp'.
Couldn't find file 'index_medial_rvs.vtp'.
Couldn't find file 'index_distal_rvs.vtp'.
Couldn't find file 'metacarpal3_rvs.vtp'.
Couldn't find file 'middle_proximal_rvs.vtp'.
Couldn't find file 'middle_medial_rvs.vtp'.
Couldn't find file 'middle_distal_rvs.vtp'.
Couldn't find file 'metacarpal4_rvs.vtp'.
Couldn't find file 'ring_proximal_rvs.vtp'.
Couldn't find file 'ring_medial_rvs.vtp'.
Couldn't find file 'ring_distal_rvs.vtp'.
Couldn't find file 'metacarpal5_rvs.vtp'.
Couldn't find file 'little_proximal_rvs.vtp'.
Couldn't find file 'little_medial_rvs.vtp'.
Couldn't find file 'little_distal_rvs.vtp'.
Couldn't find file 'metacarpal1_rvs.vtp'.
Couldn't find file 'thumb_proximal_rvs.vtp'.
Couldn't find file 'thumb_distal_rvs.vtp'.
Couldn't find file 'humerus_lv.vtp'.
Couldn't find file 'ulna_lv.vtp'.
Couldn't find file 'radius_lv.vtp'.
Couldn't find file 'pisiform_lvs.vtp'.
Couldn't find file 'lunate_lvs.vtp'.
Couldn't find file 'scaphoid_lvs.vtp'.
Couldn't find file 'triquetrum_lvs.vtp'.
Couldn't find file 'hamate_lvs.vtp'.
Couldn't find file 'capitate_lvs.vtp'.
Couldn't find file 'trapezoid_lvs.vtp'.
Couldn't find file 'trapezium_lvs.vtp'.
Couldn't find file 'metacarpal2_lvs.vtp'.
Couldn't find file 'index_proximal_lvs.vtp'.
Couldn't find file 'index_medial_lvs.vtp'.
Couldn't find file 'index_distal_lvs.vtp'.
Couldn't find file 'metacarpal3_lvs.vtp'.
Couldn't find file 'middle_proximal_lvs.vtp'.
Couldn't find file 'middle_medial_lvs.vtp'.
Couldn't find file 'middle_distal_lvs.vtp'.
Couldn't find file 'metacarpal4_lvs.vtp'.
Couldn't find file 'ring_proximal_lvs.vtp'.
Couldn't find file 'ring_medial_lvs.vtp'.
Couldn't find file 'ring_distal_lvs.vtp'.
Couldn't find file 'metacarpal5_lvs.vtp'.
Couldn't find file 'little_proximal_lvs.vtp'.
Couldn't find file 'little_medial_lvs.vtp'.
Couldn't find file 'little_distal_lvs.vtp'.
Couldn't find file 'metacarpal1_lvs.vtp'.
Couldn't find file 'thumb_proximal_lvs.vtp'.
Couldn't find file 'thumb_distal_lvs.vtp'.
AbstractTool dummy_motion2 loading model 'C:\Users\u0088756\Documents\FWO\Software\ExoSim\SimExo_3D\3dpredictsim\OpenSimModel\Rajagopal2015.osim'
Updating Model file from 30000 to latest format...
Loaded model Rajagopal from file C:\Users\u0088756\Documents\FWO\Software\ExoSim\SimExo_3D\3dpredictsim\OpenSimModel\Rajagopal2015.osim
Couldn't find file 'r_pelvis.vtp'.
Couldn't find file 'l_pelvis.vtp'.
Couldn't find file 'sacrum.vtp'.
Couldn't find file 'r_femur.vtp'.
Couldn't find file 'r_tibia.vtp'.
Couldn't find file 'r_fibula.vtp'.
Couldn't find file 'r_patella.vtp'.
Couldn't find file 'r_talus.vtp'.
Couldn't find file 'r_foot.vtp'.
Couldn't find file 'r_bofoot.vtp'.
Couldn't find file 'l_femur.vtp'.
Couldn't find file 'l_tibia.vtp'.
Couldn't find file 'l_fibula.vtp'.
Couldn't find file 'l_patella.vtp'.
Couldn't find file 'l_talus.vtp'.
Couldn't find file 'l_foot.vtp'.
Couldn't find file 'l_bofoot.vtp'.
Couldn't find file 'hat_spine.vtp'.
Couldn't find file 'hat_jaw.vtp'.
Couldn't find file 'hat_skull.vtp'.
Couldn't find file 'hat_ribs_scap.vtp'.
Couldn't find file 'humerus_rv.vtp'.
Couldn't find file 'ulna_rv.vtp'.
Couldn't find file 'radius_rv.vtp'.
Couldn't find file 'pisiform_rvs.vtp'.
Couldn't find file 'lunate_rvs.vtp'.
Couldn't find file 'scaphoid_rvs.vtp'.
Couldn't find file 'triquetrum_rvs.vtp'.
Couldn't find file 'hamate_rvs.vtp'.
Couldn't find file 'capitate_rvs.vtp'.
Couldn't find file 'trapezoid_rvs.vtp'.
Couldn't find file 'trapezium_rvs.vtp'.
Couldn't find file 'metacarpal2_rvs.vtp'.
Couldn't find file 'index_proximal_rvs.vtp'.
Couldn't find file 'index_medial_rvs.vtp'.
Couldn't find file 'index_distal_rvs.vtp'.
Couldn't find file 'metacarpal3_rvs.vtp'.
Couldn't find file 'middle_proximal_rvs.vtp'.
Couldn't find file 'middle_medial_rvs.vtp'.
Couldn't find file 'middle_distal_rvs.vtp'.
Couldn't find file 'metacarpal4_rvs.vtp'.
Couldn't find file 'ring_proximal_rvs.vtp'.
Couldn't find file 'ring_medial_rvs.vtp'.
Couldn't find file 'ring_distal_rvs.vtp'.
Couldn't find file 'metacarpal5_rvs.vtp'.
Couldn't find file 'little_proximal_rvs.vtp'.
Couldn't find file 'little_medial_rvs.vtp'.
Couldn't find file 'little_distal_rvs.vtp'.
Couldn't find file 'metacarpal1_rvs.vtp'.
Couldn't find file 'thumb_proximal_rvs.vtp'.
Couldn't find file 'thumb_distal_rvs.vtp'.
Couldn't find file 'humerus_lv.vtp'.
Couldn't find file 'ulna_lv.vtp'.
Couldn't find file 'radius_lv.vtp'.
Couldn't find file 'pisiform_lvs.vtp'.
Couldn't find file 'lunate_lvs.vtp'.
Couldn't find file 'scaphoid_lvs.vtp'.
Couldn't find file 'triquetrum_lvs.vtp'.
Couldn't find file 'hamate_lvs.vtp'.
Couldn't find file 'capitate_lvs.vtp'.
Couldn't find file 'trapezoid_lvs.vtp'.
Couldn't find file 'trapezium_lvs.vtp'.
Couldn't find file 'metacarpal2_lvs.vtp'.
Couldn't find file 'index_proximal_lvs.vtp'.
Couldn't find file 'index_medial_lvs.vtp'.
Couldn't find file 'index_distal_lvs.vtp'.
Couldn't find file 'metacarpal3_lvs.vtp'.
Couldn't find file 'middle_proximal_lvs.vtp'.
Couldn't find file 'middle_medial_lvs.vtp'.
Couldn't find file 'middle_distal_lvs.vtp'.
Couldn't find file 'metacarpal4_lvs.vtp'.
Couldn't find file 'ring_proximal_lvs.vtp'.
Couldn't find file 'ring_medial_lvs.vtp'.
Couldn't find file 'ring_distal_lvs.vtp'.
Couldn't find file 'metacarpal5_lvs.vtp'.
Couldn't find file 'little_proximal_lvs.vtp'.
Couldn't find file 'little_medial_lvs.vtp'.
Couldn't find file 'little_distal_lvs.vtp'.
Couldn't find file 'metacarpal1_lvs.vtp'.
Couldn't find file 'thumb_proximal_lvs.vtp'.
Couldn't find file 'thumb_distal_lvs.vtp'.
Couldn't find file 'r_pelvis.vtp'.
Couldn't find file 'l_pelvis.vtp'.
Couldn't find file 'sacrum.vtp'.
Couldn't find file 'r_femur.vtp'.
Couldn't find file 'r_tibia.vtp'.
Couldn't find file 'r_fibula.vtp'.
Couldn't find file 'r_patella.vtp'.
Couldn't find file 'r_talus.vtp'.
Couldn't find file 'r_foot.vtp'.
Couldn't find file 'r_bofoot.vtp'.
Couldn't find file 'l_femur.vtp'.
Couldn't find file 'l_tibia.vtp'.
Couldn't find file 'l_fibula.vtp'.
Couldn't find file 'l_patella.vtp'.
Couldn't find file 'l_talus.vtp'.
Couldn't find file 'l_foot.vtp'.
Couldn't find file 'l_bofoot.vtp'.
Couldn't find file 'hat_spine.vtp'.
Couldn't find file 'hat_jaw.vtp'.
Couldn't find file 'hat_skull.vtp'.
Couldn't find file 'hat_ribs_scap.vtp'.
Couldn't find file 'humerus_rv.vtp'.
Couldn't find file 'ulna_rv.vtp'.
Couldn't find file 'radius_rv.vtp'.
Couldn't find file 'pisiform_rvs.vtp'.
Couldn't find file 'lunate_rvs.vtp'.
Couldn't find file 'scaphoid_rvs.vtp'.
Couldn't find file 'triquetrum_rvs.vtp'.
Couldn't find file 'hamate_rvs.vtp'.
Couldn't find file 'capitate_rvs.vtp'.
Couldn't find file 'trapezoid_rvs.vtp'.
Couldn't find file 'trapezium_rvs.vtp'.
Couldn't find file 'metacarpal2_rvs.vtp'.
Couldn't find file 'index_proximal_rvs.vtp'.
Couldn't find file 'index_medial_rvs.vtp'.
Couldn't find file 'index_distal_rvs.vtp'.
Couldn't find file 'metacarpal3_rvs.vtp'.
Couldn't find file 'middle_proximal_rvs.vtp'.
Couldn't find file 'middle_medial_rvs.vtp'.
Couldn't find file 'middle_distal_rvs.vtp'.
Couldn't find file 'metacarpal4_rvs.vtp'.
Couldn't find file 'ring_proximal_rvs.vtp'.
Couldn't find file 'ring_medial_rvs.vtp'.
Couldn't find file 'ring_distal_rvs.vtp'.
Couldn't find file 'metacarpal5_rvs.vtp'.
Couldn't find file 'little_proximal_rvs.vtp'.
Couldn't find file 'little_medial_rvs.vtp'.
Couldn't find file 'little_distal_rvs.vtp'.
Couldn't find file 'metacarpal1_rvs.vtp'.
Couldn't find file 'thumb_proximal_rvs.vtp'.
Couldn't find file 'thumb_distal_rvs.vtp'.
Couldn't find file 'humerus_lv.vtp'.
Couldn't find file 'ulna_lv.vtp'.
Couldn't find file 'radius_lv.vtp'.
Couldn't find file 'pisiform_lvs.vtp'.
Couldn't find file 'lunate_lvs.vtp'.
Couldn't find file 'scaphoid_lvs.vtp'.
Couldn't find file 'triquetrum_lvs.vtp'.
Couldn't find file 'hamate_lvs.vtp'.
Couldn't find file 'capitate_lvs.vtp'.
Couldn't find file 'trapezoid_lvs.vtp'.
Couldn't find file 'trapezium_lvs.vtp'.
Couldn't find file 'metacarpal2_lvs.vtp'.
Couldn't find file 'index_proximal_lvs.vtp'.
Couldn't find file 'index_medial_lvs.vtp'.
Couldn't find file 'index_distal_lvs.vtp'.
Couldn't find file 'metacarpal3_lvs.vtp'.
Couldn't find file 'middle_proximal_lvs.vtp'.
Couldn't find file 'middle_medial_lvs.vtp'.
Couldn't find file 'middle_distal_lvs.vtp'.
Couldn't find file 'metacarpal4_lvs.vtp'.
Couldn't find file 'ring_proximal_lvs.vtp'.
Couldn't find file 'ring_medial_lvs.vtp'.
Couldn't find file 'ring_distal_lvs.vtp'.
Couldn't find file 'metacarpal5_lvs.vtp'.
Couldn't find file 'little_proximal_lvs.vtp'.
Couldn't find file 'little_medial_lvs.vtp'.
Couldn't find file 'little_distal_lvs.vtp'.
Couldn't find file 'metacarpal1_lvs.vtp'.
Couldn't find file 'thumb_proximal_lvs.vtp'.
Couldn't find file 'thumb_distal_lvs.vtp'.
No external loads will be applied (external loads file not specified).
Couldn't find file 'r_pelvis.vtp'.
Couldn't find file 'l_pelvis.vtp'.
Couldn't find file 'sacrum.vtp'.
Couldn't find file 'r_femur.vtp'.
Couldn't find file 'r_tibia.vtp'.
Couldn't find file 'r_fibula.vtp'.
Couldn't find file 'r_patella.vtp'.
Couldn't find file 'r_talus.vtp'.
Couldn't find file 'r_foot.vtp'.
Couldn't find file 'r_bofoot.vtp'.
Couldn't find file 'l_femur.vtp'.
Couldn't find file 'l_tibia.vtp'.
Couldn't find file 'l_fibula.vtp'.
Couldn't find file 'l_patella.vtp'.
Couldn't find file 'l_talus.vtp'.
Couldn't find file 'l_foot.vtp'.
Couldn't find file 'l_bofoot.vtp'.
Couldn't find file 'hat_spine.vtp'.
Couldn't find file 'hat_jaw.vtp'.
Couldn't find file 'hat_skull.vtp'.
Couldn't find file 'hat_ribs_scap.vtp'.
Couldn't find file 'humerus_rv.vtp'.
Couldn't find file 'ulna_rv.vtp'.
Couldn't find file 'radius_rv.vtp'.
Couldn't find file 'pisiform_rvs.vtp'.
Couldn't find file 'lunate_rvs.vtp'.
Couldn't find file 'scaphoid_rvs.vtp'.
Couldn't find file 'triquetrum_rvs.vtp'.
Couldn't find file 'hamate_rvs.vtp'.
Couldn't find file 'capitate_rvs.vtp'.
Couldn't find file 'trapezoid_rvs.vtp'.
Couldn't find file 'trapezium_rvs.vtp'.
Couldn't find file 'metacarpal2_rvs.vtp'.
Couldn't find file 'index_proximal_rvs.vtp'.
Couldn't find file 'index_medial_rvs.vtp'.
Couldn't find file 'index_distal_rvs.vtp'.
Couldn't find file 'metacarpal3_rvs.vtp'.
Couldn't find file 'middle_proximal_rvs.vtp'.
Couldn't find file 'middle_medial_rvs.vtp'.
Couldn't find file 'middle_distal_rvs.vtp'.
Couldn't find file 'metacarpal4_rvs.vtp'.
Couldn't find file 'ring_proximal_rvs.vtp'.
Couldn't find file 'ring_medial_rvs.vtp'.
Couldn't find file 'ring_distal_rvs.vtp'.
Couldn't find file 'metacarpal5_rvs.vtp'.
Couldn't find file 'little_proximal_rvs.vtp'.
Couldn't find file 'little_medial_rvs.vtp'.
Couldn't find file 'little_distal_rvs.vtp'.
Couldn't find file 'metacarpal1_rvs.vtp'.
Couldn't find file 'thumb_proximal_rvs.vtp'.
Couldn't find file 'thumb_distal_rvs.vtp'.
Couldn't find file 'humerus_lv.vtp'.
Couldn't find file 'ulna_lv.vtp'.
Couldn't find file 'radius_lv.vtp'.
Couldn't find file 'pisiform_lvs.vtp'.
Couldn't find file 'lunate_lvs.vtp'.
Couldn't find file 'scaphoid_lvs.vtp'.
Couldn't find file 'triquetrum_lvs.vtp'.
Couldn't find file 'hamate_lvs.vtp'.
Couldn't find file 'capitate_lvs.vtp'.
Couldn't find file 'trapezoid_lvs.vtp'.
Couldn't find file 'trapezium_lvs.vtp'.
Couldn't find file 'metacarpal2_lvs.vtp'.
Couldn't find file 'index_proximal_lvs.vtp'.
Couldn't find file 'index_medial_lvs.vtp'.
Couldn't find file 'index_distal_lvs.vtp'.
Couldn't find file 'metacarpal3_lvs.vtp'.
Couldn't find file 'middle_proximal_lvs.vtp'.
Couldn't find file 'middle_medial_lvs.vtp'.
Couldn't find file 'middle_distal_lvs.vtp'.
Couldn't find file 'metacarpal4_lvs.vtp'.
Couldn't find file 'ring_proximal_lvs.vtp'.
Couldn't find file 'ring_medial_lvs.vtp'.
Couldn't find file 'ring_distal_lvs.vtp'.
Couldn't find file 'metacarpal5_lvs.vtp'.
Couldn't find file 'little_proximal_lvs.vtp'.
Couldn't find file 'little_medial_lvs.vtp'.
Couldn't find file 'little_distal_lvs.vtp'.
Couldn't find file 'metacarpal1_lvs.vtp'.
Couldn't find file 'thumb_proximal_lvs.vtp'.
Couldn't find file 'thumb_distal_lvs.vtp'.

Loading coordinates from file C:\Users\u0088756\Documents\FWO\Software\ExoSim\SimExo_3D\3dpredictsim\Polynomials\Rajagopal2015\dummy_motion2.mot.
Old version storage/motion file encountered
Storage: read data file =C:\Users\u0088756\Documents\FWO\Software\ExoSim\SimExo_3D\3dpredictsim\Polynomials\Rajagopal2015\dummy_motion2.mot (nr=5000 nc=40)
.. assuming rotations in Degrees.
Found 5000 state vectors with time stamps ranging from 0.01 to 50.
Executing the analyses from 0.01 to 50...
Printing results of investigation dummy_motion2 to C:\Users\u0088756\Documents\FWO\Software\ExoSim\SimExo_3D\3dpredictsim\Polynomials\Rajagopal2015\MuscleAnalysis2.
